16:04:35.261 [main] DEBUG org.testng.TestNG - suiteXmlPath: "C:\Users\DELL\AppData\Local\Temp\testng-eclipse-248441438\testng-customsuite.xml"
16:04:35.550 [main] INFO  org.testng.internal.Utils - [Utils] MethodGroupsHelper.collectMethodsByGroup() took 0 ms.
16:04:35.555 [main] INFO  org.testng.internal.Utils - [Utils] MethodGroupsHelper.sortMethods() took 0 ms.
16:04:35.558 [main] INFO  org.testng.internal.Utils - [Utils] MethodGroupsHelper.collectMethodsByGroup() took 0 ms.
16:04:35.558 [main] INFO  org.testng.internal.Utils - [Utils] MethodGroupsHelper.sortMethods() took 0 ms.
16:04:35.560 [main] INFO  org.testng.internal.Utils - [Utils] MethodGroupsHelper.collectMethodsByGroup() took 0 ms.
16:04:35.560 [main] INFO  org.testng.internal.Utils - [Utils] MethodGroupsHelper.sortMethods() took 0 ms.
16:04:35.561 [main] INFO  org.testng.internal.Utils - [Utils] MethodGroupsHelper.collectMethodsByGroup() took 0 ms.
16:04:35.561 [main] INFO  org.testng.internal.Utils - [Utils] MethodGroupsHelper.sortMethods() took 0 ms.
16:04:35.562 [main] INFO  org.testng.internal.Utils - [Utils] MethodGroupsHelper.collectMethodsByGroup() took 0 ms.
16:04:35.562 [main] INFO  org.testng.internal.Utils - [Utils] MethodGroupsHelper.sortMethods() took 0 ms.
16:04:35.563 [main] INFO  org.testng.internal.Utils - [Utils] MethodGroupsHelper.collectMethodsByGroup() took 0 ms.
16:04:35.563 [main] INFO  org.testng.internal.Utils - [Utils] MethodGroupsHelper.sortMethods() took 0 ms.
16:04:35.563 [main] INFO  org.testng.internal.Utils - [Utils] MethodGroupsHelper.collectMethodsByGroup() took 0 ms.
16:04:35.563 [main] INFO  org.testng.internal.Utils - [Utils] MethodGroupsHelper.sortMethods() took 0 ms.
16:04:35.563 [main] INFO  org.testng.internal.Utils - [Utils] MethodGroupsHelper.collectMethodsByGroup() took 0 ms.
16:04:35.563 [main] INFO  org.testng.internal.Utils - [Utils] MethodGroupsHelper.sortMethods() took 0 ms.
16:04:35.569 [main] INFO  org.testng.internal.Utils - [Utils] MethodGroupsHelper.collectMethodsByGroup() took 0 ms.
16:04:35.569 [main] INFO  org.testng.internal.Utils - [Utils] MethodGroupsHelper.sortMethods() took 0 ms.
16:04:35.571 [main] INFO  org.testng.internal.Utils - [Utils] MethodGroupsHelper.collectMethodsByGroup() took 0 ms.
16:04:35.571 [main] INFO  org.testng.internal.Utils - [Utils] MethodGroupsHelper.sortMethods() took 0 ms.
16:04:35.572 [main] INFO  org.testng.internal.Utils - [Utils] MethodGroupsHelper.collectMethodsByGroup() took 0 ms.
16:04:35.573 [main] INFO  org.testng.internal.Utils - [Utils] MethodGroupsHelper.sortMethods() took 0 ms.
16:04:35.573 [main] INFO  org.testng.internal.Utils - [Utils] MethodGroupsHelper.collectMethodsByGroup() took 0 ms.
16:04:35.573 [main] INFO  org.testng.internal.Utils - [Utils] MethodGroupsHelper.sortMethods() took 0 ms.
16:04:35.578 [main] INFO  org.testng.internal.Utils - [Utils] MethodGroupsHelper.collectMethodsByGroup() took 3 ms.
16:04:35.585 [main] INFO  org.testng.internal.Utils - [Utils] MethodGroupsHelper.sortMethods() took 6 ms.
16:04:35.587 [main] INFO  org.testng.internal.Utils - [Utils] MethodGroupsHelper.collectMethodsByGroup() took 0 ms.
16:04:35.587 [main] INFO  org.testng.internal.Utils - [Utils] MethodGroupsHelper.sortMethods() took 0 ms.
16:04:35.587 [main] INFO  org.testng.internal.Utils - [Utils] MethodGroupsHelper.collectMethodsByGroup() took 0 ms.
16:04:35.587 [main] INFO  org.testng.internal.Utils - [Utils] MethodGroupsHelper.sortMethods() took 0 ms.
16:04:35.604 [main] INFO  org.testng.internal.Utils - [TestNG] Running:
  C:\Users\DELL\AppData\Local\Temp\testng-eclipse-248441438\testng-customsuite.xml

16:04:35.629 [main] INFO  org.testng.internal.Utils - [Utils] DynamicGraphHelper.createDynamicGraph() took 4 ms.
16:04:37.309 [main] DEBUG o.a.h.i.c.BasicClientConnectionManager - Get connection for route {}->http://localhost:9090
16:04:37.321 [main] DEBUG o.a.h.i.c.DefaultClientConnectionOperator - Connecting to localhost:9090
16:04:37.353 [main] DEBUG o.a.h.c.protocol.RequestAddCookies - CookieSpec selected: ignoreCookies
16:04:37.359 [main] DEBUG o.a.h.c.protocol.RequestAuthCache - Auth cache not set in the context
16:04:37.362 [main] DEBUG o.a.h.c.p.RequestTargetAuthentication - Target auth state: UNCHALLENGED
16:04:37.370 [main] DEBUG o.a.h.c.p.RequestProxyAuthentication - Proxy auth state: UNCHALLENGED
16:04:37.373 [main] DEBUG o.a.h.impl.client.DefaultHttpClient - Attempt 1 to execute request
16:04:37.376 [main] DEBUG o.a.h.i.conn.DefaultClientConnection - Sending request: GET /FlyAway/home?source=1&destination=11 HTTP/1.1
16:04:37.377 [main] DEBUG org.apache.http.wire -  >> "GET /FlyAway/home?source=1&destination=11 HTTP/1.1[\r][\n]"
16:04:37.380 [main] DEBUG org.apache.http.wire -  >> "Accept: */*[\r][\n]"
16:04:37.384 [main] DEBUG org.apache.http.wire -  >> "Host: localhost:9090[\r][\n]"
16:04:37.386 [main] DEBUG org.apache.http.wire -  >> "Connection: Keep-Alive[\r][\n]"
16:04:37.389 [main] DEBUG org.apache.http.wire -  >> "User-Agent: Apache-HttpClient/4.5.13 (Java/20.0.1)[\r][\n]"
16:04:37.390 [main] DEBUG org.apache.http.wire -  >> "Accept-Encoding: gzip,deflate[\r][\n]"
16:04:37.392 [main] DEBUG org.apache.http.wire -  >> "[\r][\n]"
16:04:37.401 [main] DEBUG org.apache.http.headers - >> GET /FlyAway/home?source=1&destination=11 HTTP/1.1
16:04:37.404 [main] DEBUG org.apache.http.headers - >> Accept: */*
16:04:37.406 [main] DEBUG org.apache.http.headers - >> Host: localhost:9090
16:04:37.407 [main] DEBUG org.apache.http.headers - >> Connection: Keep-Alive
16:04:37.407 [main] DEBUG org.apache.http.headers - >> User-Agent: Apache-HttpClient/4.5.13 (Java/20.0.1)
16:04:37.407 [main] DEBUG org.apache.http.headers - >> Accept-Encoding: gzip,deflate
16:04:37.605 [main] DEBUG org.apache.http.wire -  << "HTTP/1.1 200 [\r][\n]"
16:04:37.606 [main] DEBUG org.apache.http.wire -  << "Set-Cookie: JSESSIONID=8C363726682DFEA00628256296A39DF3; Path=/FlyAway; HttpOnly[\r][\n]"
16:04:37.606 [main] DEBUG org.apache.http.wire -  << "Content-Type: text/html;charset=UTF-8[\r][\n]"
16:04:37.606 [main] DEBUG org.apache.http.wire -  << "Content-Language: en-IN[\r][\n]"
16:04:37.606 [main] DEBUG org.apache.http.wire -  << "Content-Length: 1672[\r][\n]"
16:04:37.606 [main] DEBUG org.apache.http.wire -  << "Date: Sat, 09 Sep 2023 10:34:37 GMT[\r][\n]"
16:04:37.607 [main] DEBUG org.apache.http.wire -  << "Keep-Alive: timeout=20[\r][\n]"
16:04:37.607 [main] DEBUG org.apache.http.wire -  << "Connection: keep-alive[\r][\n]"
16:04:37.607 [main] DEBUG org.apache.http.wire -  << "[\r][\n]"
16:04:37.608 [main] DEBUG o.a.h.i.conn.DefaultClientConnection - Receiving response: HTTP/1.1 200 
16:04:37.608 [main] DEBUG org.apache.http.headers - << HTTP/1.1 200 
16:04:37.608 [main] DEBUG org.apache.http.headers - << Set-Cookie: JSESSIONID=8C363726682DFEA00628256296A39DF3; Path=/FlyAway; HttpOnly
16:04:37.608 [main] DEBUG org.apache.http.headers - << Content-Type: text/html;charset=UTF-8
16:04:37.608 [main] DEBUG org.apache.http.headers - << Content-Language: en-IN
16:04:37.608 [main] DEBUG org.apache.http.headers - << Content-Length: 1672
16:04:37.608 [main] DEBUG org.apache.http.headers - << Date: Sat, 09 Sep 2023 10:34:37 GMT
16:04:37.608 [main] DEBUG org.apache.http.headers - << Keep-Alive: timeout=20
16:04:37.608 [main] DEBUG org.apache.http.headers - << Connection: keep-alive
16:04:37.613 [main] DEBUG o.a.h.impl.client.DefaultHttpClient - Connection can be kept alive for 20000 MILLISECONDS
16:04:37.636 [main] DEBUG i.r.internal.RestAssuredHttpBuilder - Parsing response as: text/html;charset=UTF-8
16:04:37.636 [main] DEBUG i.r.internal.RestAssuredHttpBuilder - Parsed data to instance of: class org.apache.http.conn.EofSensorInputStream
16:04:37.734 [main] INFO  restAssured.FlightChecking - Test case 'checkflights' executed
16:04:37.805 [main] INFO  org.testng.internal.Utils - [TestNG] Time taken by org.testng.reporters.SuiteHTMLReporter@5460b754: 23 ms
16:04:37.933 [main] INFO  org.testng.internal.Utils - [TestNG] Time taken by org.testng.reporters.jq.Main@3dfa819: 128 ms
16:04:37.938 [main] INFO  org.testng.internal.Utils - [TestNG] Time taken by org.testng.reporters.FailedReporter@4ce94d2f: 3 ms
16:04:37.960 [main] INFO  org.testng.internal.Utils - [TestNG] Time taken by org.testng.reporters.XMLReporter@23f3da8b: 21 ms
16:04:37.971 [main] INFO  org.testng.internal.Utils - [TestNG] Time taken by org.testng.reporters.EmailableReporter2@6573d2f7: 10 ms
16:04:37.978 [main] INFO  org.testng.internal.Utils - [TestNG] Time taken by org.testng.reporters.JUnitReportReporter@56dfab87: 7 ms
16:04:37.978 [main] INFO  org.testng.internal.Utils - [TestNG] Time taken by org.testng.internal.ExitCodeListener@715b886f: 0 ms
16:07:59.105 [main] DEBUG org.testng.TestNG - suiteXmlPath: "C:\Users\DELL\AppData\Local\Temp\testng-eclipse--2114795221\testng-customsuite.xml"
16:07:59.566 [main] INFO  org.testng.internal.Utils - [Utils] MethodGroupsHelper.collectMethodsByGroup() took 0 ms.
16:07:59.586 [main] INFO  org.testng.internal.Utils - [Utils] MethodGroupsHelper.sortMethods() took 11 ms.
16:07:59.593 [main] INFO  org.testng.internal.Utils - [Utils] MethodGroupsHelper.collectMethodsByGroup() took 0 ms.
16:07:59.593 [main] INFO  org.testng.internal.Utils - [Utils] MethodGroupsHelper.sortMethods() took 0 ms.
16:07:59.593 [main] INFO  org.testng.internal.Utils - [Utils] MethodGroupsHelper.collectMethodsByGroup() took 0 ms.
16:07:59.593 [main] INFO  org.testng.internal.Utils - [Utils] MethodGroupsHelper.sortMethods() took 0 ms.
16:07:59.594 [main] INFO  org.testng.internal.Utils - [Utils] MethodGroupsHelper.collectMethodsByGroup() took 0 ms.
16:07:59.594 [main] INFO  org.testng.internal.Utils - [Utils] MethodGroupsHelper.sortMethods() took 0 ms.
16:07:59.594 [main] INFO  org.testng.internal.Utils - [Utils] MethodGroupsHelper.collectMethodsByGroup() took 0 ms.
16:07:59.594 [main] INFO  org.testng.internal.Utils - [Utils] MethodGroupsHelper.sortMethods() took 0 ms.
16:07:59.595 [main] INFO  org.testng.internal.Utils - [Utils] MethodGroupsHelper.collectMethodsByGroup() took 0 ms.
16:07:59.595 [main] INFO  org.testng.internal.Utils - [Utils] MethodGroupsHelper.sortMethods() took 0 ms.
16:07:59.595 [main] INFO  org.testng.internal.Utils - [Utils] MethodGroupsHelper.collectMethodsByGroup() took 0 ms.
16:07:59.595 [main] INFO  org.testng.internal.Utils - [Utils] MethodGroupsHelper.sortMethods() took 0 ms.
16:07:59.595 [main] INFO  org.testng.internal.Utils - [Utils] MethodGroupsHelper.collectMethodsByGroup() took 0 ms.
16:07:59.596 [main] INFO  org.testng.internal.Utils - [Utils] MethodGroupsHelper.sortMethods() took 0 ms.
16:07:59.601 [main] INFO  org.testng.internal.Utils - [Utils] MethodGroupsHelper.collectMethodsByGroup() took 0 ms.
16:07:59.602 [main] INFO  org.testng.internal.Utils - [Utils] MethodGroupsHelper.sortMethods() took 0 ms.
16:07:59.602 [main] INFO  org.testng.internal.Utils - [Utils] MethodGroupsHelper.collectMethodsByGroup() took 0 ms.
16:07:59.602 [main] INFO  org.testng.internal.Utils - [Utils] MethodGroupsHelper.sortMethods() took 0 ms.
16:07:59.604 [main] INFO  org.testng.internal.Utils - [Utils] MethodGroupsHelper.collectMethodsByGroup() took 0 ms.
16:07:59.604 [main] INFO  org.testng.internal.Utils - [Utils] MethodGroupsHelper.sortMethods() took 0 ms.
16:07:59.604 [main] INFO  org.testng.internal.Utils - [Utils] MethodGroupsHelper.collectMethodsByGroup() took 0 ms.
16:07:59.604 [main] INFO  org.testng.internal.Utils - [Utils] MethodGroupsHelper.sortMethods() took 0 ms.
16:07:59.612 [main] INFO  org.testng.internal.Utils - [Utils] MethodGroupsHelper.collectMethodsByGroup() took 6 ms.
16:07:59.629 [main] INFO  org.testng.internal.Utils - [Utils] MethodGroupsHelper.sortMethods() took 16 ms.
16:07:59.632 [main] INFO  org.testng.internal.Utils - [Utils] MethodGroupsHelper.collectMethodsByGroup() took 0 ms.
16:07:59.632 [main] INFO  org.testng.internal.Utils - [Utils] MethodGroupsHelper.sortMethods() took 0 ms.
16:07:59.632 [main] INFO  org.testng.internal.Utils - [Utils] MethodGroupsHelper.collectMethodsByGroup() took 0 ms.
16:07:59.632 [main] INFO  org.testng.internal.Utils - [Utils] MethodGroupsHelper.sortMethods() took 0 ms.
16:07:59.650 [main] INFO  org.testng.internal.Utils - [TestNG] Running:
  C:\Users\DELL\AppData\Local\Temp\testng-eclipse--2114795221\testng-customsuite.xml

16:07:59.699 [main] INFO  org.testng.internal.Utils - [Utils] DynamicGraphHelper.createDynamicGraph() took 23 ms.
16:08:02.028 [main] DEBUG o.a.h.i.c.BasicClientConnectionManager - Get connection for route {}->http://localhost:9090
16:08:02.040 [main] DEBUG o.a.h.i.c.DefaultClientConnectionOperator - Connecting to localhost:9090
16:08:02.078 [main] DEBUG o.a.h.c.protocol.RequestAddCookies - CookieSpec selected: ignoreCookies
16:08:02.080 [main] DEBUG o.a.h.c.protocol.RequestAuthCache - Auth cache not set in the context
16:08:02.080 [main] DEBUG o.a.h.c.p.RequestTargetAuthentication - Target auth state: UNCHALLENGED
16:08:02.080 [main] DEBUG o.a.h.c.p.RequestProxyAuthentication - Proxy auth state: UNCHALLENGED
16:08:02.082 [main] DEBUG o.a.h.impl.client.DefaultHttpClient - Attempt 1 to execute request
16:08:02.082 [main] DEBUG o.a.h.i.conn.DefaultClientConnection - Sending request: GET /FlyAway/completepurchase HTTP/1.1
16:08:02.082 [main] DEBUG org.apache.http.wire -  >> "GET /FlyAway/completepurchase HTTP/1.1[\r][\n]"
16:08:02.088 [main] DEBUG org.apache.http.wire -  >> "Accept: */*[\r][\n]"
16:08:02.090 [main] DEBUG org.apache.http.wire -  >> "Host: localhost:9090[\r][\n]"
16:08:02.091 [main] DEBUG org.apache.http.wire -  >> "Connection: Keep-Alive[\r][\n]"
16:08:02.091 [main] DEBUG org.apache.http.wire -  >> "User-Agent: Apache-HttpClient/4.5.13 (Java/20.0.1)[\r][\n]"
16:08:02.091 [main] DEBUG org.apache.http.wire -  >> "Accept-Encoding: gzip,deflate[\r][\n]"
16:08:02.091 [main] DEBUG org.apache.http.wire -  >> "[\r][\n]"
16:08:02.091 [main] DEBUG org.apache.http.headers - >> GET /FlyAway/completepurchase HTTP/1.1
16:08:02.092 [main] DEBUG org.apache.http.headers - >> Accept: */*
16:08:02.092 [main] DEBUG org.apache.http.headers - >> Host: localhost:9090
16:08:02.092 [main] DEBUG org.apache.http.headers - >> Connection: Keep-Alive
16:08:02.092 [main] DEBUG org.apache.http.headers - >> User-Agent: Apache-HttpClient/4.5.13 (Java/20.0.1)
16:08:02.093 [main] DEBUG org.apache.http.headers - >> Accept-Encoding: gzip,deflate
16:08:02.196 [main] DEBUG org.apache.http.wire -  << "HTTP/1.1 200 [\r][\n]"
16:08:02.198 [main] DEBUG org.apache.http.wire -  << "Set-Cookie: JSESSIONID=FC2366EEA49E9D34DD04BB2613D5DF06; Path=/FlyAway; HttpOnly[\r][\n]"
16:08:02.198 [main] DEBUG org.apache.http.wire -  << "Content-Type: text/html;charset=UTF-8[\r][\n]"
16:08:02.198 [main] DEBUG org.apache.http.wire -  << "Content-Language: en-IN[\r][\n]"
16:08:02.198 [main] DEBUG org.apache.http.wire -  << "Content-Length: 408[\r][\n]"
16:08:02.199 [main] DEBUG org.apache.http.wire -  << "Date: Sat, 09 Sep 2023 10:38:02 GMT[\r][\n]"
16:08:02.199 [main] DEBUG org.apache.http.wire -  << "Keep-Alive: timeout=20[\r][\n]"
16:08:02.199 [main] DEBUG org.apache.http.wire -  << "Connection: keep-alive[\r][\n]"
16:08:02.199 [main] DEBUG org.apache.http.wire -  << "[\r][\n]"
16:08:02.200 [main] DEBUG o.a.h.i.conn.DefaultClientConnection - Receiving response: HTTP/1.1 200 
16:08:02.200 [main] DEBUG org.apache.http.headers - << HTTP/1.1 200 
16:08:02.200 [main] DEBUG org.apache.http.headers - << Set-Cookie: JSESSIONID=FC2366EEA49E9D34DD04BB2613D5DF06; Path=/FlyAway; HttpOnly
16:08:02.200 [main] DEBUG org.apache.http.headers - << Content-Type: text/html;charset=UTF-8
16:08:02.200 [main] DEBUG org.apache.http.headers - << Content-Language: en-IN
16:08:02.200 [main] DEBUG org.apache.http.headers - << Content-Length: 408
16:08:02.200 [main] DEBUG org.apache.http.headers - << Date: Sat, 09 Sep 2023 10:38:02 GMT
16:08:02.200 [main] DEBUG org.apache.http.headers - << Keep-Alive: timeout=20
16:08:02.200 [main] DEBUG org.apache.http.headers - << Connection: keep-alive
16:08:02.210 [main] DEBUG o.a.h.impl.client.DefaultHttpClient - Connection can be kept alive for 20000 MILLISECONDS
16:08:02.225 [main] DEBUG i.r.internal.RestAssuredHttpBuilder - Parsing response as: text/html;charset=UTF-8
16:08:02.226 [main] DEBUG i.r.internal.RestAssuredHttpBuilder - Parsed data to instance of: class org.apache.http.conn.EofSensorInputStream
16:08:02.373 [main] INFO  restAssured.FlightChecking - Test case 'confirmbooking' executed
16:08:02.532 [main] INFO  org.testng.internal.Utils - [TestNG] Time taken by org.testng.reporters.SuiteHTMLReporter@d109c4f: 57 ms
16:08:02.798 [main] INFO  org.testng.internal.Utils - [TestNG] Time taken by org.testng.reporters.jq.Main@c3edf4c: 265 ms
16:08:02.801 [main] INFO  org.testng.internal.Utils - [TestNG] Time taken by org.testng.reporters.FailedReporter@5af8bb51: 1 ms
16:08:02.819 [main] INFO  org.testng.internal.Utils - [TestNG] Time taken by org.testng.reporters.XMLReporter@b52b755: 18 ms
16:08:02.828 [main] INFO  org.testng.internal.Utils - [TestNG] Time taken by org.testng.reporters.EmailableReporter2@5dd903be: 8 ms
16:08:02.838 [main] INFO  org.testng.internal.Utils - [TestNG] Time taken by org.testng.reporters.JUnitReportReporter@1981d861: 10 ms
16:08:02.839 [main] INFO  org.testng.internal.Utils - [TestNG] Time taken by org.testng.internal.ExitCodeListener@118ffcfd: 1 ms
